F, [2015-09-03T15:27:51.597417 #17581] FATAL -- : error adding listener addr=/home/naps62/subvisual/docker-test/app1/tmp/sockets/unicorn.sock
/home/naps62/.rvm/gems/ruby-2.2.0/gems/unicorn-4.8.3/lib/unicorn/socket_helper.rb:158:in `initialize': No such file or directory - connect(2) for /home/naps62/subvisual/docker-test/app1/tmp/sockets/unicorn.sock (Errno::ENOENT)
	from /home/naps62/.rvm/gems/ruby-2.2.0/gems/unicorn-4.8.3/lib/unicorn/socket_helper.rb:158:in `new'
	from /home/naps62/.rvm/gems/ruby-2.2.0/gems/unicorn-4.8.3/lib/unicorn/socket_helper.rb:158:in `bind_listen'
	from /home/naps62/.rvm/gems/ruby-2.2.0/gems/unicorn-4.8.3/lib/unicorn/http_server.rb:242:in `listen'
	from /home/naps62/.rvm/gems/ruby-2.2.0/gems/unicorn-4.8.3/lib/unicorn/http_server.rb:809:in `block in bind_new_listeners!'
	from /home/naps62/.rvm/gems/ruby-2.2.0/gems/unicorn-4.8.3/lib/unicorn/http_server.rb:809:in `each'
	from /home/naps62/.rvm/gems/ruby-2.2.0/gems/unicorn-4.8.3/lib/unicorn/http_server.rb:809:in `bind_new_listeners!'
	from /home/naps62/.rvm/gems/ruby-2.2.0/gems/unicorn-4.8.3/lib/unicorn/http_server.rb:138:in `start'
	from /home/naps62/.rvm/gems/ruby-2.2.0/gems/unicorn-4.8.3/bin/unicorn:126:in `<top (required)>'
	from /home/naps62/.rvm/gems/ruby-2.2.0/bin/unicorn:23:in `load'
	from /home/naps62/.rvm/gems/ruby-2.2.0/bin/unicorn:23:in `<main>'
	from /home/naps62/.rvm/gems/ruby-2.2.0/bin/ruby_executable_hooks:15:in `eval'
	from /home/naps62/.rvm/gems/ruby-2.2.0/bin/ruby_executable_hooks:15:in `<main>'
F, [2015-09-03T15:27:54.949524 #17622] FATAL -- : error adding listener addr=/home/naps62/subvisual/docker-test/app1/tmp/sockets/unicorn.sock
/home/naps62/.rvm/gems/ruby-2.2.0/gems/unicorn-4.8.3/lib/unicorn/socket_helper.rb:158:in `initialize': No such file or directory - connect(2) for /home/naps62/subvisual/docker-test/app1/tmp/sockets/unicorn.sock (Errno::ENOENT)
	from /home/naps62/.rvm/gems/ruby-2.2.0/gems/unicorn-4.8.3/lib/unicorn/socket_helper.rb:158:in `new'
	from /home/naps62/.rvm/gems/ruby-2.2.0/gems/unicorn-4.8.3/lib/unicorn/socket_helper.rb:158:in `bind_listen'
	from /home/naps62/.rvm/gems/ruby-2.2.0/gems/unicorn-4.8.3/lib/unicorn/http_server.rb:242:in `listen'
	from /home/naps62/.rvm/gems/ruby-2.2.0/gems/unicorn-4.8.3/lib/unicorn/http_server.rb:809:in `block in bind_new_listeners!'
	from /home/naps62/.rvm/gems/ruby-2.2.0/gems/unicorn-4.8.3/lib/unicorn/http_server.rb:809:in `each'
	from /home/naps62/.rvm/gems/ruby-2.2.0/gems/unicorn-4.8.3/lib/unicorn/http_server.rb:809:in `bind_new_listeners!'
	from /home/naps62/.rvm/gems/ruby-2.2.0/gems/unicorn-4.8.3/lib/unicorn/http_server.rb:138:in `start'
	from /home/naps62/.rvm/gems/ruby-2.2.0/gems/unicorn-4.8.3/bin/unicorn:126:in `<top (required)>'
	from /home/naps62/.rvm/gems/ruby-2.2.0/bin/unicorn:23:in `load'
	from /home/naps62/.rvm/gems/ruby-2.2.0/bin/unicorn:23:in `<main>'
	from /home/naps62/.rvm/gems/ruby-2.2.0/bin/ruby_executable_hooks:15:in `eval'
	from /home/naps62/.rvm/gems/ruby-2.2.0/bin/ruby_executable_hooks:15:in `<main>'
F, [2015-09-03T15:27:56.787580 #17653] FATAL -- : error adding listener addr=/home/naps62/subvisual/docker-test/app1/tmp/sockets/unicorn.sock
/home/naps62/.rvm/gems/ruby-2.2.0/gems/unicorn-4.8.3/lib/unicorn/socket_helper.rb:158:in `initialize': No such file or directory - connect(2) for /home/naps62/subvisual/docker-test/app1/tmp/sockets/unicorn.sock (Errno::ENOENT)
	from /home/naps62/.rvm/gems/ruby-2.2.0/gems/unicorn-4.8.3/lib/unicorn/socket_helper.rb:158:in `new'
	from /home/naps62/.rvm/gems/ruby-2.2.0/gems/unicorn-4.8.3/lib/unicorn/socket_helper.rb:158:in `bind_listen'
	from /home/naps62/.rvm/gems/ruby-2.2.0/gems/unicorn-4.8.3/lib/unicorn/http_server.rb:242:in `listen'
	from /home/naps62/.rvm/gems/ruby-2.2.0/gems/unicorn-4.8.3/lib/unicorn/http_server.rb:809:in `block in bind_new_listeners!'
	from /home/naps62/.rvm/gems/ruby-2.2.0/gems/unicorn-4.8.3/lib/unicorn/http_server.rb:809:in `each'
	from /home/naps62/.rvm/gems/ruby-2.2.0/gems/unicorn-4.8.3/lib/unicorn/http_server.rb:809:in `bind_new_listeners!'
	from /home/naps62/.rvm/gems/ruby-2.2.0/gems/unicorn-4.8.3/lib/unicorn/http_server.rb:138:in `start'
	from /home/naps62/.rvm/gems/ruby-2.2.0/gems/unicorn-4.8.3/bin/unicorn:126:in `<top (required)>'
	from /home/naps62/.rvm/gems/ruby-2.2.0/bin/unicorn:23:in `load'
	from /home/naps62/.rvm/gems/ruby-2.2.0/bin/unicorn:23:in `<main>'
	from /home/naps62/.rvm/gems/ruby-2.2.0/bin/ruby_executable_hooks:15:in `eval'
	from /home/naps62/.rvm/gems/ruby-2.2.0/bin/ruby_executable_hooks:15:in `<main>'
I, [2015-09-03T15:28:17.144791 #17859]  INFO -- : listening on addr=/home/naps62/subvisual/docker-test/app1/tmp/sockets/unicorn.sock fd=9
I, [2015-09-03T15:28:17.144948 #17859]  INFO -- : listening on addr=0.0.0.0:8080 fd=10
I, [2015-09-03T15:28:17.144991 #17859]  INFO -- : worker=0 spawning...
I, [2015-09-03T15:28:17.145575 #17859]  INFO -- : worker=1 spawning...
I, [2015-09-03T15:28:17.145854 #17861]  INFO -- : worker=0 spawned pid=17861
I, [2015-09-03T15:28:17.145931 #17861]  INFO -- : Refreshing Gem list
I, [2015-09-03T15:28:17.146941 #17859]  INFO -- : master process ready
I, [2015-09-03T15:28:17.147204 #17864]  INFO -- : worker=1 spawned pid=17864
I, [2015-09-03T15:28:17.147297 #17864]  INFO -- : Refreshing Gem list
I, [2015-09-03T15:28:17.172371 #17861]  INFO -- : worker=0 ready
I, [2015-09-03T15:28:17.172382 #17864]  INFO -- : worker=1 ready
I, [2015-09-03T15:28:22.437082 #17859]  INFO -- : reaped #<Process::Status: pid 17861 exit 0> worker=0
I, [2015-09-03T15:28:22.437140 #17859]  INFO -- : reaped #<Process::Status: pid 17864 exit 0> worker=1
I, [2015-09-03T15:28:22.437229 #17859]  INFO -- : master complete
I, [2015-09-03T15:31:50.815260 #18722]  INFO -- : unlinking existing socket=/home/naps62/subvisual/docker-test/app1/tmp/sockets/unicorn.sock
I, [2015-09-03T15:31:50.815350 #18722]  INFO -- : listening on addr=/home/naps62/subvisual/docker-test/app1/tmp/sockets/unicorn.sock fd=9
I, [2015-09-03T15:31:50.815494 #18722]  INFO -- : listening on addr=0.0.0.0:8080 fd=10
I, [2015-09-03T15:31:50.815541 #18722]  INFO -- : worker=0 spawning...
I, [2015-09-03T15:31:50.816069 #18722]  INFO -- : worker=1 spawning...
I, [2015-09-03T15:31:50.816348 #18724]  INFO -- : worker=0 spawned pid=18724
I, [2015-09-03T15:31:50.816465 #18724]  INFO -- : Refreshing Gem list
I, [2015-09-03T15:31:50.816775 #18722]  INFO -- : master process ready
I, [2015-09-03T15:31:50.817073 #18727]  INFO -- : worker=1 spawned pid=18727
I, [2015-09-03T15:31:50.817155 #18727]  INFO -- : Refreshing Gem list
I, [2015-09-03T15:31:50.843662 #18724]  INFO -- : worker=0 ready
I, [2015-09-03T15:31:50.843662 #18727]  INFO -- : worker=1 ready
I, [2015-09-03T15:31:59.772563 #18722]  INFO -- : reaped #<Process::Status: pid 18724 exit 0> worker=0
I, [2015-09-03T15:31:59.772623 #18722]  INFO -- : reaped #<Process::Status: pid 18727 exit 0> worker=1
I, [2015-09-03T15:31:59.772671 #18722]  INFO -- : master complete
